Microsoft (R) Macro Assembler Version 14.13.26129.0	    06/10/18 14:44:52
;Program 06a - Assembly Skill Validation     (Project06.asm  Page 1 - 1


				TITLE Program 06a - Assembly Skill Validation     (Project06.asm)

				; Author: Kirkham, Joe
				; Last Modified: 2018/06/10
				; OSU email address: kirkhamj@oregontate.edu
				; Course number/section: CS271/400
				; Project Number: Project 06a                 Due Date: 2018/06/11 12:00:00AM
				; Description:	This program displays its title, and instructs the user to enter INT_CNT (default 10) integers,
				;				which may be positive or negative, must contain all digits (excepting the first char,
				;				which can be +/- as long as at least one digit follows). The numbers must all be small enough
				;				to fit into a 32 bit reg (for signed numbers: 2147,483,647 is max). Invalid numbers are discarded,
				;				and the user is repropmted. As users are entering integers, a running sum is also displayed.
				;				After entering INT_CNT integers, the validated integers are re-displayed on the screen,
				;				as well as the sum and average of the entered integers.
				;
				;				NOTE:	I misread the project requirements, and thought that all proc parameters had to be addresses.
				;						I now see only at the end that that requirement only applied to macros. That is why all of my
				;						parameters are passed by reference. Ideally, many of the simple running sums and counts would
				;						have been passed by value. But I don't want to refactor and risk breaking it now.
				;				

				INCLUDE Irvine32.inc
			      C ; Include file for Irvine32.lib             (Irvine32.inc)
			      C 
			      C ;OPTION CASEMAP:NONE		; optional: make identifiers case-sensitive
			      C 
			      C INCLUDE SmallWin.inc		; MS-Windows prototypes, structures, and constants
			      C .NOLIST
			      C .LIST
			      C 
			      C INCLUDE VirtualKeys.inc
			      C ; VirtualKeys.inc
			      C .NOLIST
			      C .LIST
			      C 
			      C 
			      C .NOLIST
			      C .LIST
			      C 

 = 0000000C				MAX_LEN	=	12		; the max read length of a user-entered string . 32-bit signed int max is 2,147,483,647 (10 digits long). allowing for +/- sign at the beginning + 1 more space for OF detection, we want 12 as the value.
 = 0000000A				INT_CNT	=	10		; the number of integers to be entered by the user

				;-----------------------------------------------------
				mGetString MACRO inStrAddr, inStrLenAddr, inStrMaxLenAddr
				;
				; Macro that reads in a string to @inStrAddr (arg1) up to a length specified in @inStrLenMaxAddr (arg2).
				; @inStrLenAddr EXCLUDES NULL TERMINATOR.
				; The length of the entered string will be stored in @inStrCurLenAddr (arg3).
				; LOCAL var inStrLenVal is used to store the actual value held @inStrLenVal.
				; 
				; Receives:
				;	inStrAddr = @ in string store head
				;	inStrCurLenAddr = @ max length of the string
				;	inStrMaxLenAddr = @ entered length of the string
				;
				; Returns: 
				;	The read-in string will be stored in the location passed to inStrAddr.
				;-----------------------------------------------------
					LOCAL	inStrLenVal				; holds the val stored @inStrLenAddr
					
					; save used regs
					push	eax
					push	ecx
					push	edx

					; get the string length val from address stored in arg1
					mov		eax,				inStrMaxLenAddr	; mov @ of length into eax
					mov		ecx,				[eax]			; mov val into ecx
					inc		ecx									; room for null terminator

					; read string into the string head stored in arg2
					mov		edx,				inStrAddr		; string head addr now in edx
					call	ReadString							; user enters string, stored in arg2 string

					; store the actual entered length in inStrCurLenAddr
					mov		ebx,				[inStrLenAddr]
					mov		[ebx],				eax

					; new line
					call			CrLF

					; pop used regs
					pop		edx
					pop		ecx
					pop		eax
				ENDM

				;-----------------------------------------------------
				mDisplaystring MACRO outStrAddr
				;
				; Macro that writes, to standard output, a string stored in @outStrAddr (arg1)
				; 
				; Receives:
				;	outStrAddr = the head address of the string
				;
				; Returns: 
				;	Nothing.
				;-----------------------------------------------------
					; save used reg
					push	edx

					; display the string and skip to new line.
					mov		edx,	 outStrAddr
					call	WriteString

					; restore used reg
					pop		edx
				ENDM

 00000000			.data

 00000000 2A 2A 2A 2A 2A		progName		BYTE	"*****Project 06a: 'Assembly Skill Validation'  -  by Joe Kirkham*****",0
	   50 72 6F 6A 65
	   63 74 20 30 36
	   61 3A 20 27 41
	   73 73 65 6D 62
	   6C 79 20 53 6B
	   69 6C 6C 20 56
	   61 6C 69 64 61
	   74 69 6F 6E 27
	   20 20 2D 20 20
	   62 79 20 4A 6F
	   65 20 4B 69 72
	   6B 68 61 6D 2A
	   2A 2A 2A 2A 00
 00000046 2A 2A 2A 45 43		EC1				BYTE	"***EC: Option 1 - Integer entry lines are numbered & running sum is displayed.***",0
	   3A 20 4F 70 74
	   69 6F 6E 20 31
	   20 2D 20 49 6E
	   74 65 67 65 72
	   20 65 6E 74 72
	   79 20 6C 69 6E
	   65 73 20 61 72
	   65 20 6E 75 6D
	   62 65 72 65 64
	   20 26 20 72 75
	   6E 6E 69 6E 67
	   20 73 75 6D 20
	   69 73 20 64 69
	   73 70 6C 61 79
	   65 64 2E 2A 2A
	   2A 00
 00000098 2A 2A 2A 45 43		EC2				BYTE	"***EC: Option 2 - Signed integers are handled.***",0
	   3A 20 4F 70 74
	   69 6F 6E 20 32
	   20 2D 20 53 69
	   67 6E 65 64 20
	   69 6E 74 65 67
	   65 72 73 20 61
	   72 65 20 68 61
	   6E 64 6C 65 64
	   2E 2A 2A 2A 00
 000000CA 2A 2A 2A 45 43		EC3				BYTE	"***EC: Option 3 - ReadVal/WriteVal have recursive subprocedures.***",0
	   3A 20 4F 70 74
	   69 6F 6E 20 33
	   20 2D 20 52 65
	   61 64 56 61 6C
	   2F 57 72 69 74
	   65 56 61 6C 20
	   68 61 76 65 20
	   72 65 63 75 72
	   73 69 76 65 20
	   73 75 62 70 72
	   6F 63 65 64 75
	   72 65 73 2E 2A
	   2A 2A 00
 0000010E 2A 2A 50 6C 65		instrucA		BYTE	"**Please enter 10 integers. They may be positive or negative. Your entry must contain only digits.",0
	   61 73 65 20 65
	   6E 74 65 72 20
	   31 30 20 69 6E
	   74 65 67 65 72
	   73 2E 20 54 68
	   65 79 20 6D 61
	   79 20 62 65 20
	   70 6F 73 69 74
	   69 76 65 20 6F
	   72 20 6E 65 67
	   61 74 69 76 65
	   2E 20 59 6F 75
	   72 20 65 6E 74
	   72 79 20 6D 75
	   73 74 20 63 6F
	   6E 74 61 69 6E
	   20 6F 6E 6C 79
	   20 64 69 67 69
	   74 73 2E 00
 00000171 2A 2A 54 68 65		instrucB		BYTE	"**The first character may be a + or - sign, if there is at least 1 digit after it.",0
	   20 66 69 72 73
	   74 20 63 68 61
	   72 61 63 74 65
	   72 20 6D 61 79
	   20 62 65 20 61
	   20 2B 20 6F 72
	   20 2D 20 73 69
	   67 6E 2C 20 69
	   66 20 74 68 65
	   72 65 20 69 73
	   20 61 74 20 6C
	   65 61 73 74 20
	   31 20 64 69 67
	   69 74 20 61 66
	   74 65 72 20 69
	   74 2E 00
 000001C4 2A 2A 45 61 63		instrucC		BYTE	"**Each of your integers must also have an absolute value <= 2,147,483,647.",0
	   68 20 6F 66 20
	   79 6F 75 72 20
	   69 6E 74 65 67
	   65 72 73 20 6D
	   75 73 74 20 61
	   6C 73 6F 20 68
	   61 76 65 20 61
	   6E 20 61 62 73
	   6F 6C 75 74 65
	   20 76 61 6C 75
	   65 20 3C 3D 20
	   32 2C 31 34 37
	   2C 34 38 33 2C
	   36 34 37 2E 00
 0000020F 2A 2A 49 6E 76		instrucD		BYTE	"**Invalid entries will be discarded.",0
	   61 6C 69 64 20
	   65 6E 74 72 69
	   65 73 20 77 69
	   6C 6C 20 62 65
	   20 64 69 73 63
	   61 72 64 65 64
	   2E 00
 00000234 49 6E 74 20 23		promptA			BYTE	"Int #",0
	   00
 0000023A 2E 20 52 75 6E		promptB			BYTE	". Running Sum = ",0
	   6E 69 6E 67 20
	   53 75 6D 20 3D
	   20 00
 0000024B 50 6C 65 61 73		promptC			BYTE	"Please enter an integer: ",0
	   65 20 65 6E 74
	   65 72 20 61 6E
	   20 69 6E 74 65
	   67 65 72 3A 20
	   00
 00000265 0000000A			uIntCnt			DWORD	INT_CNT				; N integers to be read in. would reference as constant but assignment specifies passing by address.
 00000269 0000000C			tempStrMaxLen	DWORD	MAX_LEN				; the max length that any newly-entered string can be; should not change. would reference as constant but assignment specifies passing by address.
 0000026D 0000000C			tempStrCurLen	DWORD	MAX_LEN				; the current length of the user-entered string; will change as user enters info
 00000271 00000000			tempStrCurPos	DWORD	?					; cur pos of the user string (count # not idx); decremented in successive calls of recursive convert/validate function
 00000275  0000000A [			valArr			SDWORD	INT_CNT DUP(0)		; storage array for the entered ints. initialized to 0, as vals will be added to this pos.
	    00000000
	   ]
 0000029D 00000000			tempVal			DWORD	?					; storage address for a value to-be-displayed. cannot just use valArr location because of the need to convert from two's complment if negative.
 000002A1 00				joeSFlag		BYTE	0					; a simple flag that indicates if the entered string has a minus sign (-) in pos 0. critical for decision to flip to two's complement or not. 0 = positive, 1 = negative
 000002A2 00				invalFlag		BYTE	0					; a simple flag that indicates if the entered string has any "bad chars" (i.e., non-digits, or +/- signs not in pos 1) or is too big for 32-bit reg. 0=inval, 1=val.
 000002A3 49 6E 76 61 6C		invalMsg		BYTE	"Invalid entry. It was either a) too big (in terms of absolute value), b) contained invalid characters, or c) nothing at all. Re-enter.",0
	   69 64 20 65 6E
	   74 72 79 2E 20
	   49 74 20 77 61
	   73 20 65 69 74
	   68 65 72 20 61
	   29 20 74 6F 6F
	   20 62 69 67 20
	   28 69 6E 20 74
	   65 72 6D 73 20
	   6F 66 20 61 62
	   73 6F 6C 75 74
	   65 20 76 61 6C
	   75 65 29 2C 20
	   62 29 20 63 6F
	   6E 74 61 69 6E
	   65 64 20 69 6E
	   76 61 6C 69 64
	   20 63 68 61 72
	   61 63 74 65 72
	   73 2C 20 6F 72
	   20 63 29 20 6E
	   6F 74 68 69 6E
	   67 20 61 74 20
	   61 6C 6C 2E 20
	   52 65 2D 65 6E
	   74 65 72 2E 00
 0000032A 00000000			sumVal			SDWORD	0					; the sum of the user-entered ints.
 0000032E 00000000			avgVal			SDWORD	0					; the average of the user-entered ints
 00000332 43 68 65 65 72		bye				BYTE	"Cheers, and have a lovely day!",0
	   73 2C 20 61 6E
	   64 20 68 61 76
	   65 20 61 20 6C
	   6F 76 65 6C 79
	   20 64 61 79 21
	   00
 00000351 00000001			one				DWORD	1					; just to be able to pass # of things to display by reference....
 00000355 2A 2A 59 6F 75		intDispTitle	BYTE	"**You entered these integers: ",0
	   20 65 6E 74 65
	   72 65 64 20 74
	   68 65 73 65 20
	   69 6E 74 65 67
	   65 72 73 3A 20
	   00
 00000374 2A 2A 54 68 65		sumDispTitle	BYTE	"**The final sum of these integers is: ",0
	   20 66 69 6E 61
	   6C 20 73 75 6D
	   20 6F 66 20 74
	   68 65 73 65 20
	   69 6E 74 65 67
	   65 72 73 20 69
	   73 3A 20 00
 0000039B 2A 2A 54 68 65		avgDispTitle	BYTE	"**The average of these integers is: ",0
	   20 61 76 65 72
	   61 67 65 20 6F
	   66 20 74 68 65
	   73 65 20 69 6E
	   74 65 67 65 72
	   73 20 69 73 3A
	   20 00
 000003C0  0000000C [			tempStr			BYTE	MAX_LEN DUP(?)		; the user-entered string
	    00
	   ]

 00000000			.code
 00000000			main PROC
						; intro
 00000000  68 0000020F R			push			OFFSET instrucD									; arg7 = @instruc line 4			
 00000005  68 000001C4 R			push			OFFSET instrucC									; arg6 = @instruc line 3
 0000000A  68 00000171 R			push			OFFSET instrucB									; arg5 = @instruc line 2
 0000000F  68 0000010E R			push			OFFSET instrucA									; arg4 = @instruc line 1
 00000014  68 000000CA R			push			OFFSET EC3										; arg3 = @EC line 2
 00000019  68 00000098 R			push			OFFSET EC2										; arg3 = @EC line 2
 0000001E  68 00000046 R			push			OFFSET EC1										; arg2 = @EC line 1
 00000023  68 00000000 R			push			OFFSET progName									; arg1 = @progam/progammer name
 00000028  E8 00000118				call			intro
						
						; get data
 0000002D  68 0000029D R			push			OFFSET tempVal									; arg15= @tempval (for temp write storage of run sum)
 00000032  68 00000351 R			push			OFFSET one										; arg14= @the number 1
 00000037  68 0000024B R			push			OFFSET promptC									; arg13= @prompt text 3
 0000003C  68 0000023A R			push			OFFSET promptB									; arg12= @prompt text 2
 00000041  68 00000234 R			push			OFFSET promptA									; arg11= @prompt text 1
 00000046  68 0000032A R			push			OFFSET sumVal									; arg10= @sum of values
 0000004B  68 00000265 R			push			OFFSET uIntCnt									; arg9 = @count of ints to be read in
 00000050  68 000002A3 R			push			OFFSET invalMsg									; arg8 = @invalMsg
 00000055  68 00000271 R			push			OFFSET tempStrCurPos							; arg7 = @cur pos of the user string (count # not idx)
 0000005A  68 00000269 R			push			OFFSET tempStrMaxLen							; arg6 = @string max size
 0000005F  68 0000026D R			push			OFFSET tempStrCurLen							; arg5 = @string cur size
 00000064  68 000003C0 R			push			OFFSET tempStr									; arg4 = @string head
 00000069  68 000002A2 R			push			OFFSET invalFlag								; arg3 = @inval flag
 0000006E  68 000002A1 R			push			OFFSET joeSFlag									; arg2 = @pos or neg flag
 00000073  68 00000275 R			push			OFFSET valArr[0]								; arg1 = @val storage
 00000078  E8 00000156				call			getData											; get INT_CNT # of ints from user

						; write ints to screen
 0000007D  E8 00000000 E			call			CrLF
						mDisplayString	OFFSET intDispTitle									; screen: "You entered these integers: "
 00000082  52		     1		push	edx
 00000083  BA 00000355 R     1		mov		edx,	 OFFSET intDispTitle
 00000088  E8 00000000 E     1		call	WriteString
 0000008D  5A		     1		pop		edx
 0000008E  E8 00000000 E			call			CrLF

 00000093  68 00000265 R			push			OFFSET uIntCnt									; arg5 = @int count
 00000098  68 000002A1 R			push			OFFSET joeSFlag									; arg4 = @joe sign flag
 0000009D  68 0000029D R			push			OFFSET tempVal									; arg3 = @tempVal
 000000A2  68 000003C0 R			push			OFFSET tempStr									; arg2 = @tempSTr
 000000A7  68 00000275 R			push			OFFSET valArr[0]								; arg1 = @valArr head
 000000AC  E8 00000318				call			writeData										; display all of the user-entered ints to user

						; write final sum to screen
 000000B1  E8 00000000 E			call			CrLF
						mDisplayString	OFFSET sumDispTitle								; screen: "The final sum of these integers is: "
 000000B6  52		     1		push	edx
 000000B7  BA 00000374 R     1		mov		edx,	 OFFSET sumDispTitle
 000000BC  E8 00000000 E     1		call	WriteString
 000000C1  5A		     1		pop		edx

 000000C2  68 00000351 R			push			OFFSET one										; arg5 = @number one (times to loop through vals)
 000000C7  68 000002A1 R			push			OFFSET joeSFlag									; arg4 = @joe sign flag
 000000CC  68 0000029D R			push			OFFSET tempVal									; arg3 = @tempVal
 000000D1  68 000003C0 R			push			OFFSET tempStr									; arg2 = @tempStr
 000000D6  68 0000032A R			push			OFFSET sumVal									; arg1 = @runSum
 000000DB  E8 000002E9				call			writeData

						; avg
 000000E0  E8 00000000 E			call			CrLF
						mDisplayString	OFFSET avgDispTitle								; screen: "The average of these integers is: "
 000000E5  52		     1		push	edx
 000000E6  BA 0000039B R     1		mov		edx,	 OFFSET avgDispTitle
 000000EB  E8 00000000 E     1		call	WriteString
 000000F0  5A		     1		pop		edx

						; calc avg
 000000F1  68 000002A1 R			push			OFFSET joeSFlag									; arg4 = @joe sign flag
 000000F6  68 0000032E R			push			OFFSET avgVal									; arg3 = @ avg val storage
 000000FB  68 00000265 R			push			OFFSET uIntCnt									; arg2 = @ number of ints entered
 00000100  68 0000032A R			push			OFFSET sumVal									; arg1 = @ sum of vals entered
 00000105  E8 000003A6				call			calcAvg

						; write avg to screen
 0000010A  68 00000351 R			push			OFFSET one										; arg5 = @number one (times to loop through vals)
 0000010F  68 000002A1 R			push			OFFSET joeSFlag									; arg4 = @joe sign flag
 00000114  68 0000029D R			push			OFFSET tempVal									; arg3 = @tempVal
 00000119  68 000003C0 R			push			OFFSET tempStr									; arg2 = @tempStr
 0000011E  68 0000032E R			push			OFFSET avgVal									; arg1 = @avg
 00000123  E8 000002A1				call			writeData										; avg displayed on screen
 00000128  E8 00000000 E			call			CrLF
						
						; bye
						mDisplayString	OFFSET bye										; felicia
 0000012D  52		     1		push	edx
 0000012E  BA 00000332 R     1		mov		edx,	 OFFSET bye
 00000133  E8 00000000 E     1		call	WriteString
 00000138  5A		     1		pop		edx

 00000139  E8 00000000 E			call			CrLF

						exit															; exit to operating system
 0000013E  6A 00	   *	    push   +000000000h
 00000140  E8 00000000 E   *	    call   ExitProcess
 00000145			main ENDP

				;-----------------------------------------------------
 00000145			intro PROC
				;
				; Simple procedure that displays the progam and user name,
				; extra credit info, and provides instructions to the user.
				; 
				; Receives:
				;	ebp+8 = @progam/progammer name
				;	ebp+12= @EC line 1
				;	ebp+16= @EC line 2
				;	ebp+20= @EC line 3
				;	ebp+24= @instrucA
				;	ebp+28= @instrucB
				;	ebp+32= @instrucC
				;	ebp+36= @instrucD
				;
				; Returns: 
				;	Nothing.
				;-----------------------------------------------------
						; set up stack frame
 00000145  55					push			ebp
 00000146  8B EC				mov				ebp,	esp

						; title
						mDisplayString	[ebp+8]
 00000148  52		     1		push	edx
 00000149  8B 55 08	     1		mov		edx,	 [ebp+8]
 0000014C  E8 00000000 E     1		call	WriteString
 00000151  5A		     1		pop		edx
 00000152  E8 00000000 E			call			CrLF
 00000157  E8 00000000 E			call			CrLF

						; extra credit lines
						mDisplayString	[ebp+12]
 0000015C  52		     1		push	edx
 0000015D  8B 55 0C	     1		mov		edx,	 [ebp+12]
 00000160  E8 00000000 E     1		call	WriteString
 00000165  5A		     1		pop		edx
 00000166  E8 00000000 E			call			CrLF
						mDisplayString	[ebp+16]
 0000016B  52		     1		push	edx
 0000016C  8B 55 10	     1		mov		edx,	 [ebp+16]
 0000016F  E8 00000000 E     1		call	WriteString
 00000174  5A		     1		pop		edx
 00000175  E8 00000000 E			call			CrLF
						mDisplayString	[ebp+20]
 0000017A  52		     1		push	edx
 0000017B  8B 55 14	     1		mov		edx,	 [ebp+20]
 0000017E  E8 00000000 E     1		call	WriteString
 00000183  5A		     1		pop		edx
 00000184  E8 00000000 E			call			CrLF
 00000189  E8 00000000 E			call			CrLF

						; instructions to user
						mDisplayString	[ebp+24]
 0000018E  52		     1		push	edx
 0000018F  8B 55 18	     1		mov		edx,	 [ebp+24]
 00000192  E8 00000000 E     1		call	WriteString
 00000197  5A		     1		pop		edx
 00000198  E8 00000000 E			call			CrLF
						mDisplayString	[ebp+28]
 0000019D  52		     1		push	edx
 0000019E  8B 55 1C	     1		mov		edx,	 [ebp+28]
 000001A1  E8 00000000 E     1		call	WriteString
 000001A6  5A		     1		pop		edx
 000001A7  E8 00000000 E			call			CrLF
						mDisplayString	[ebp+32]
 000001AC  52		     1		push	edx
 000001AD  8B 55 20	     1		mov		edx,	 [ebp+32]
 000001B0  E8 00000000 E     1		call	WriteString
 000001B5  5A		     1		pop		edx
 000001B6  E8 00000000 E			call			CrLF
						mDisplayString	[ebp+36]
 000001BB  52		     1		push	edx
 000001BC  8B 55 24	     1		mov		edx,	 [ebp+36]
 000001BF  E8 00000000 E     1		call	WriteString
 000001C4  5A		     1		pop		edx
 000001C5  E8 00000000 E			call			CrLF
 000001CA  E8 00000000 E			call			CrLF
						
 000001CF  5D					pop				ebp
 000001D0  C2 0020				ret				32
 000001D3			intro ENDP

				;-----------------------------------------------------
 000001D3			getData PROC
				;
				; Gets N signed integers from the user, where N is specified by constant INT_CNT.
				; Integers are read in via calls readValMain (itself dependent up on recursive func readValConvert).
				; Validated ints are stored in contiguous locations in the array passed to ebp+8.
				;
				;
				; Receives:
				;	ebp+8 = @ val storage array head
				;	ebp+12= @ joeSFlag
				;	ebp+16= @ invalFlag
				;	ebp+20= @ user input string's head
				;	ebp+24= @ user input string's cur length
				;	ebp+28= @ user input string's max length DO NOT MODIFY
				;	ebp+32= @ user cur pos
				;	ebp+36= @ invalid error message
				;	ebp+40= @ uIntCnt
				;	ebp+44= @ runSum
				;	ebp+48= @ prompt text 1
				;	ebp+52= @ prompt text 2
				;	ebp+56= @ prompt text 3
				;	ebp+60= @ the number 1
				;	ebp+64= @ tempVal storage (for writing run sum)
				;
				; Returns: 
				;	Nothing.
				;-----------------------------------------------------
						; set up stack frame
 000001D3  55					push			ebp
 000001D4  8B EC				mov				ebp,			esp

						; save used regs
 000001D6  50					push			eax
 000001D7  53					push			ebx
 000001D8  51					push			ecx
 000001D9  52					push			edx

						; LOOP - prompt for val INT_CNT times and store validated ints into array
						; prep ecx
 000001DA  8B 4D 28				mov				ecx,			[ebp+40]; ecx: @cnt of ints to be read in
 000001DD  8B 09				mov				ecx,			[ecx]	; ecx: cnt of ints to be read in

 000001DF				getIntStartPnt:
						; display prompt
						; line number
						mDisplayString	[ebp+48]				; screen: "Int# "

 000001DF  52		     1		push	edx
 000001E0  8B 55 30	     1		mov		edx,	 [ebp+48]
 000001E3  E8 00000000 E     1		call	WriteString
 000001E8  5A		     1		pop		edx

 000001E9  8B 45 28				mov				eax,			[ebp+40]; eax: @uIntCnt
 000001EC  8B 00				mov				eax,			[eax]	; eax: int count val
 000001EE  2B C1				sub				eax,			ecx		; int#-1
 000001F0  40					inc				eax						; int#
 000001F1  E8 00000000 E			call			WriteDec				; display line number

						; run sum
						mDisplayString	[ebp+52]				; screen: "(Running Sum = "
 000001F6  52		     1		push	edx
 000001F7  8B 55 34	     1		mov		edx,	 [ebp+52]
 000001FA  E8 00000000 E     1		call	WriteString
 000001FF  5A		     1		pop		edx
 00000200  FF 75 3C				push			[ebp+60]				; arg5 = @the number one. (how many vals to write to screen).
 00000203  FF 75 0C				push			[ebp+12]				; arg4 = @joe sign flag
 00000206  FF 75 40				push			[ebp+64]				; arg3 = @temp val storage
 00000209  FF 75 14				push			[ebp+20]				; arg2 = @temp string
 0000020C  FF 75 2C				push			[ebp+44]				; arg1 = @run sum
 0000020F  E8 000001B5				call			writeData				; write runsum to screen

						; finish prompt
						mDisplayString	[ebp+56]				; screen: "). Please enter an integer: "
 00000214  52		     1		push	edx
 00000215  8B 55 38	     1		mov		edx,	 [ebp+56]
 00000218  E8 00000000 E     1		call	WriteString
 0000021D  5A		     1		pop		edx

						; set up the address into which the read-in int will be stored
						; get byte offset
 0000021E  8B 45 28				mov				eax,			[ebp+40]; eax: @cnt of ints to be read in
 00000221  8B 00				mov				eax,			[eax]	; eax: cnt of ints to be read in
 00000223  2B C1				sub				eax,			ecx		; eax: how many ints have been read in so far
 00000225  BB 00000004				mov				ebx,			4		; ebx: # bytes in a DWORD
 0000022A  33 D2				xor				edx,			edx		; clear out edx
 0000022C  F7 E3				mul				ebx						; eax: byte offset for next int storage

						; get effective addr
 0000022E  8B 5D 08				mov				ebx,			[ebp+8]	; ebx: addr of the val storage head
 00000231  03 D8				add				ebx,			eax		; ebx: effective addr of mem location where val should be stored
						
						; push n call
 00000233  FF 75 24				push			[ebp+36]				; arg8 = @invalMsg
 00000236  FF 75 20				push			[ebp+32]				; arg7 = @cur pos of the user string (count # not idx)
 00000239  FF 75 1C				push			[ebp+28]				; arg6 = @string max size
 0000023C  FF 75 18				push			[ebp+24]				; arg5 = @string cur size
 0000023F  FF 75 14				push			[ebp+20]				; arg4 = @string head
 00000242  FF 75 10				push			[ebp+16]				; arg3 = @inval flag
 00000245  FF 75 0C				push			[ebp+12]				; arg2 = @pos or neg flag
 00000248  53					push			ebx						; arg1 = @val storage
 00000249  E8 00000013				call			readValMain

						; update the running sum
 0000024E  8B 03				mov				eax,			[ebx]	; eax: just-added integer value
 00000250  8B 5D 2C				mov				ebx,			[ebp+44]; ebx: @runSum
 00000253  03 03				add				eax,			[ebx]	; eax: just-added int + running sum
 00000255  89 03				mov				[ebx],			eax		; @runSum updated
						
						; continue; go get next int or break
 00000257  E2 86				loop			getIntStartPnt

						; restore used regs
 00000259  5A					pop				edx
 0000025A  59					pop				ecx
 0000025B  5B					pop				ebx
 0000025C  58					pop				eax

 0000025D  5D					pop				ebp
 0000025E  C2 003C				ret				60
 00000261			getData ENDP

				;-----------------------------------------------------
 00000261			readValMain PROC
				;
				; readValMain reads in a string of characters from the user,
				; validates that the characters represent a signed integer (that can be
				; represented in 32 bits), and stores the validated integer into an 
				; address specified by the calling function. This function relies on
				; recursive calls to readValConvert for converting characters to digits.
				; 
				; Receives:
				;	ebp+8 = @ val storage address
				;	ebp+12= @ joeSFlag
				;	ebp+16= @ invalFlag
				;	ebp+20= @ user input string's head
				;	ebp+24= @ user input string's cur length
				;	ebp+28= @ user input string's max length DO NOT MODIFY
				;	ebp+32= @ user cur pos
				;	ebp+36= @ invalid error message
				;
				; Returns: 
				;	Nothing.
				;-----------------------------------------------------
						; set up the stack frame
 00000261  55					push			ebp
 00000262  8B EC				mov				ebp,				esp

						; save used regs
 00000264  50					push			eax
 00000265  53					push			ebx
 00000266  51					push			ecx
 00000267  52					push			edx
 00000268  56					push			esi

						; get the string from the user
 00000269				getStrPnt:
						; (re)initialize all critical values
						; clear the memory at the val storage location; otherwise, previous invalid attempts might be lingering in mem.
 00000269  8B 45 08				mov				eax,				[ebp+8]; eax: @val storage address
 0000026C  BB 00000000				mov				ebx,				0
 00000271  89 18				mov				[eax],				ebx		; nothing now in the val storage address.

						; clear inval flag
 00000273  B0 00				mov				al,					0
 00000275  8B 5D 10				mov				ebx,				[ebp+16]; ebx: @invalFlag
 00000278  88 03				mov				[ebx],				al		; invalFlag now clear

						; clear joe sign flag
 0000027A  B0 00				mov				al,					0
 0000027C  8B 5D 0C				mov				ebx,				[ebp+12]; ebx: @invalFlag
 0000027F  88 03				mov				[ebx],				al		; invalFlag now clear

						; reset string length to max allowable
 00000281  8B 45 18				mov				eax,				[ebp+24]; eax: @user input string cur length
 00000284  8B 5D 1C				mov				ebx,				[ebp+28]; ebx: @user input string max length
 00000287  8B 1B				mov				ebx,				[ebx]	; ebx: user input string max length actual val
 00000289  89 18				mov				[eax],				ebx		; string reset to max allowable length

						;read in the string
						mGetString		[ebp+20],			[ebp+24],		[ebp+28]
 0000028B  50		     1		push	eax
 0000028C  51		     1		push	ecx
 0000028D  52		     1		push	edx
 0000028E  8B 45 1C	     1		mov		eax,				[ebp+28]	; mov @ of length into eax
 00000291  8B 08	     1		mov		ecx,				[eax]			; mov val into ecx
 00000293  41		     1		inc		ecx									; room for null terminator
 00000294  8B 55 14	     1		mov		edx,				[ebp+20]		; string head addr now in edx
 00000297  E8 00000000 E     1		call	ReadString							; user enters string, stored in arg2 string
 0000029C  8B 5D 18	     1		mov		ebx,				[[ebp+24]]
 0000029F  89 03	     1		mov		[ebx],				eax
 000002A1  E8 00000000 E     1		call			CrLF
 000002A6  5A		     1		pop		edx
 000002A7  59		     1		pop		ecx
 000002A8  58		     1		pop		eax

						; set cur pos = string length
 000002A9  8B 45 18				mov				eax,				[ebp+24]; eax: @str length
 000002AC  8B 5D 20				mov				ebx,				[ebp+32]; ebx: @cur pos
 000002AF  8B 00				mov				eax,				[eax]	; ebx: cur pos val
 000002B1  89 03				mov				[ebx],				eax		; cur pos = str len

						; convert and validate chars
						; read the user-entered string into esi, so that we can use lodsb per the requirements.
 000002B3  8B 75 14				mov				esi,				[ebp+20]; @string head now in esi
 000002B6  8B 45 18				mov				eax,				[ebp+24]; @length offset now in esi
 000002B9  03 30				add				esi,				[eax]	; string head + length offset now in esi (so we're 1 beyond the final index)
 000002BB  4E					dec				esi							; esi now pointing at final byte of user-entered array. NOT GETTING ANYTHING YET SO NOT USING LODSB.
 000002BC  FD					std											; set direction flag. we're moving "backwards" from the "end" pos to "beg" pos
						
						; push args and call first instance of recursive function
 000002BD  FF 75 10				push			[ebp+16]					; arg5 = @ invalFlag
 000002C0  FF 75 0C				push			[ebp+12]					; arg4 = @ joeSFlag
 000002C3  FF 75 08				push			[ebp+8]						; arg3 = @ place in main val array to store val; before final termination, running sum of the current string
 000002C6  FF 75 20				push			[ebp+32]					; arg2 = @ current pos (same as length for this initial call)
 000002C9  FF 75 18				push			[ebp+24]					; arg1 = @ string length
 000002CC  E8 0000001E				call			readValConvert

						; check if invalid. 
 000002D1  8B 45 10				mov				eax,				[ebp+16]; eax:@inval flag
 000002D4  8A 00				mov				al,					[eax]	; eax: invalFlag val itself
 000002D6  3C 01				cmp				al,					1		; is inval flag set?
 000002D8  75 0C				jne				readValMainEndPnt			; if flag not set, then retain val and continue.

						; if here, then there was something wrong with the entered val. throw error message and reprompt.
						mDisplayString	[ebp+36]
 000002DA  52		     1		push	edx
 000002DB  8B 55 24	     1		mov		edx,	 [ebp+36]
 000002DE  E8 00000000 E     1		call	WriteString
 000002E3  5A		     1		pop		edx
 000002E4  EB 83				jmp				getStrPnt
						
						; if here, user string was validated and stored. terminate.
 000002E6				readValMainEndPnt:
						; restore used regs
 000002E6  5E					pop				esi
 000002E7  5A					pop				edx
 000002E8  59					pop				ecx
 000002E9  5B					pop				ebx
 000002EA  58					pop				eax

 000002EB  5D					pop				ebp
 000002EC  C2 0020				ret				32
 000002EF			readValMain ENDP

				;-----------------------------------------------------
 000002EF			readValConvert PROC USES eax ebx ecx edx ; +0 to parameters, because LOCAL pushes ebp/esp *prior to* regs being pushed
				;
				; readValConvert is a recursive function that converts and validates
				; each char of the input string. Chars are evaluated from the "end" of the string
				; to the "beginning" of the string (i.e., from the least significant
				; digits to the most significant digits, or right-to-left).
				; 
				; Receives:
				;	esi	  = @ of current pos in user string
				;			(I know this is being passed to the subproc in a reg, but it's the only way to use lodsb in a recursive function.
				;			Pushing @curpos onto the stack would be pointless. esi is push/popped in main calling func.)
				;	ebp+8 = @ string length
				;	ebp+12= @ current character # assessed (NOT index)
				;	ebp+16= @ place in main val array to store val; before final termination, running sum of the current string
				;	ebp+20= @ joeSFlag
				;	ebp+24= @ invalFlag
				;
				; Returns: 
				;	Any portion of the string that has been validated & converted to an int
				;	will be stored at the point in the array passed to [ebp+20].
				;-----------------------------------------------------
						; declare local vars; stack frame set up (ebp/esp stuff)
						LOCAL	curVal:				SDWORD,		; current value of converted digit. modified throughout this proc to take magnitude of curPos into account
								curMag:				SDWORD		; magnitude of the current pos. will be initialized to 1 and then set based on 10^(length - curchar#)

						; base case(s).
						; base case 1: if str len = 0, then user entered nothing. error.
 000002EF  55		   *	    push   ebp
 000002F0  8B EC	   *	    mov    ebp, esp
 000002F2  83 C4 F8	   *	    add    esp, 0FFFFFFF8h
 000002F5  50		   *	    push   eax
 000002F6  53		   *	    push   ebx
 000002F7  51		   *	    push   ecx
 000002F8  52		   *	    push   edx
 000002F9  8B 45 08				mov		eax,					[ebp+8] ; eax: @str len
 000002FC  8B 00				mov		eax,					[eax]	; eax: strLen actual value
 000002FE  83 F8 00				cmp		eax,					0		; len zero?
 00000301  0F 84 000000B3			jz		invalDetectedPnt				; if len zero, error. nothing to do with this string. flag invalid and terminate.

						; if here, length is > 0
						; base case 2: char pos <= 0. check to see if we still have any chars to evaluate in the string.
 00000307  8B 45 0C				mov		eax,					[ebp+12]; eax: @cur pos count
 0000030A  8B 00				mov		eax,					[eax]	; eax: @cur pos count itself
 0000030C  83 F8 00				cmp		eax,					0		; cur char # zero?
 0000030F  0F 84 000000AC			jz		readValConvertEndPnt			; if current char # is zero, we've reached the 'end' of the string. terminate.

						; if here, we haven't hit the base case, and still have at least this cur char to validate/convert
						; go ahead and load byte into eax, because testing may happen along a few branches here.
 00000315  33 C0				xor		eax,					eax		; clear out eax
 00000317  AC					lodsb									; val at cur pos now in eax

						; if we're at pos 1 and the length > 1, then we can allow +/- at pos 1.
 00000318  8B 5D 0C				mov		ebx,					[ebp+12]; ebx: @cur pos
 0000031B  8B 1B				mov		ebx,					[ebx]	; ebx: cur pos val
 0000031D  83 FB 01				cmp		ebx,					1		; cur pos vs. 1
 00000320  75 29				jne		digitValPnt						; if we're not at pos 1, then skip straight to checking if it's a digit

						; if here, we're at pos 1. now if the str len > 1, +/- is allowed in this pos.
 00000322  8B 5D 08				mov		ebx,					[ebp+8] ; ebx: @str len
 00000325  8B 1B				mov		ebx,					[ebx]	; ebx: strLen actual value
 00000327  83 FB 01				cmp		ebx,					1		; len vs. 1
 0000032A  74 1F				je		digitValPnt						; if there's only one char in the entire string, then no +/- allowed. jump to digit validation
						
						; if here, string length is > 1, and we are at pos 1. +/- are allowed in this position, so check for a sign.
 0000032C				signValPnt:
						; if +, then valid, and there's nothing else to do in this string, because the sum has already been calc'd and placed arr memory store. jump to end.
 0000032C  83 F8 2B				cmp		eax,					43		; is this char a +?
 0000032F  0F 84 0000008C			je		readValConvertEndPnt			; if +, we done. terminate.		

						; if here, pos 1 was not a +. check to see if it's a minus (-)
 00000335  83 F8 2D				cmp		eax,					45		; is this char a -?
 00000338  75 11				jne		digitValPnt						; if it's not a -, then skip to digit validation

						; if here, pos1 is a minus (-). need to flip the sign flag of the run sum, and then terminate.
 0000033A  8B 5D 10				mov		ebx,					[ebp+16]; ebx: @runSum i.e. its ultimate storage pos in mem
 0000033D  8B 03				mov		eax,					[ebx]	; eax: runSum val itself
 0000033F  F7 D0				not		eax								; two's complement step 1: flip the bits
 00000341  40					inc		eax								; two's complement step 2: add 1
 00000342  33 D2				xor		edx,					edx		; prep for step 3: clear out edx
 00000344  6B C0 01				imul	eax,					1		; step 3: set the sign
						
 00000347  89 03				mov		[ebx],					eax		; two's complemented val now in @runSum.

 00000349  EB 76				jmp		readValConvertEndPnt			; terminate.	

						; if here, either: a) pos=1, len>1 and pos1 <> +/-, or b) pos>1.
						; check if digit. if digit detected, jmp to convert and validation process (convertStartPnt)
 0000034B				digitValPnt:
						; if cur pos is not a digit, jump to flag invalid and terminate.
 0000034B  83 F8 30				cmp		eax,					48		; be sure our val is >= lowest digit ASCII val
 0000034E  7C 6A				jl		invalDetectedPnt				; if the cur pos/byte doesn't is above lower bound of ASCII digits, the char is invalid so jump to handle invalid entry
 00000350  83 F8 39				cmp		eax,					57		; be sure our val is <= highest digit ASCII val
 00000353  7F 65				jg		invalDetectedPnt				; if the cur pos/byte doesn't is below upper bound of ASCII digits, the char is invalid so jump to handle invalid entry

						; if here, we vaildated the current char as a digit. add the curValto the running sum, and be sure we didn't overflow.
 00000355				convertStartPnt:
						; convert ASCII-val to actual integer value and store
 00000355  83 E8 30				sub		eax,					48		; now in eax: converted ASCII-val to its actual integer value
 00000358  89 45 FC				mov		curVal,					eax		; this val now in curVal (does not yet account for curPos's mag)

						; calculate magnitude of the curPos
 0000035B  C7 45 F8				mov		curMag,					1		; initialize to 1
	   00000001

						; get length - curPos into ecx for loop counter. if we're at the "beginning" (i.e., the highest idx), skip this.
 00000362  8B 4D 08				mov		ecx,					[ebp+8] ; ecx: @str length
 00000365  8B 09				mov		ecx,					[ecx]	; ecx: str len va;
 00000367  8B 5D 0C				mov		ebx,					[ebp+12]; ebx: @cur pos count
 0000036A  8B 1B				mov		ebx,					[ebx]	; ebx: cur pos count val itself
 0000036C  2B CB				sub		ecx,					ebx		; now in ecx: str length - curPos (not idx)
 0000036E  83 F9 00				cmp		ecx,					0		; if we're in the top position, then we don't want to go through the loop because the counter would be initialized to 0.
 00000371  74 14				jz		magMulPnt						; if at top idx then go straight to mag calculation.

						; multiply by 10 for every magnitude under the current pos. {in retrospect, I should have just multiplied this at each recursive call and passed as a param.}
 00000373				magCalcStartPnt:
 00000373  8B 45 F8				mov		eax,					curMag  ; now in eax: curMag (running product)
 00000376  BB 0000000A				mov		ebx,					10
 0000037B  33 D2				xor		edx,					edx		; empty edx overflow
 0000037D  0F AF C3				imul	eax,					ebx		; now in eax:edx: the product of the current magnitude of the val.

						; check to ensure that the curMag does not exceed the limits of a 32-bit reg. this should only happen if the user entered 11 digits, where the first digit is 10bil (10^10 magnitude.)
						; note - (2^32)-1 and (2^31)-1 can each store a max val in magnitude 10^9 (1bil), so no real need to worry about DWORD v SDWORD here.
 00000380  70 38				jo		invalDetectedPnt				; if the magnitude exceeded the size of a 32-bit reg, then the overflow (and carry) flags would be set; if so, terminate.

						; if here, this pos mag was OK (i.e., 10^9 or less). continue.
 00000382  89 45 F8				mov		curMag,					eax		; store running mag
 00000385  E2 EC				loop	magCalcStartPnt

						; if here, the magnitude is small enough to be handled within a 32-bit reg.
 00000387				magMulPnt:
						; apply the magnitude to the integer digit in the curPos
 00000387  8B 45 FC				mov		eax,					curVal	; now in eax: curVal (not adjusted for magnitude)
 0000038A  8B 5D F8				mov		ebx,					curMag	; now in ebx: magnitude of the curPos
 0000038D  33 D2				xor		edx,					edx		; clear out edx
 0000038F  F7 EB				imul	ebx								; now in eax:edx: the actual value represented by the digit in the string

						; not all vals of mag 10^9 fit. verify that this value fits in an SDWORD (i.e., <= 2,147,483,647). previous multiplication would have overflowed if not.
 00000391  70 27				jo		invalDetectedPnt				; overflow detected? too big, terminate.

						; if here, then the significant digit in at this magnitude will fit in an SDWORD. now, we need to add it to the running sum, and do a final check on its size.
 00000393  8B 5D 10				mov		ebx,					[ebp+16]; now in ebx: the address of the running sum
 00000396  03 03				add		eax,					[ebx]	; now in eax: the current pos's mag-adjusted value + the running sum; i.e., the exact value of the entered int up to the current mag (assuming no overflow)
 00000398  70 20				jo		invalDetectedPnt				; overflow detected? too big, terminate.

						; if here, then the value represented by the current pos and all 'less significant' digits is a-ok. "up to" this char is completely validated. store this val as new running sum and move to next char.
 0000039A				validPnt:
 0000039A  89 03				mov		[ebx],					eax		; the running sum has been updated.

						; decrement the curPos
 0000039C  8B 45 0C				mov		eax,					[ebp+12]; eax: @cur pos count
 0000039F  8B 18				mov		ebx,					[eax]	; ebx: @cur pos val
 000003A1  4B					dec		ebx								; dec pos count
 000003A2  89 18				mov		[eax],					ebx		; store decremented pos count in the @curposcount, sitting in eax
						
 000003A4  FF 75 18				push	[ebp+24]
 000003A7  FF 75 14				push	[ebp+20]
 000003AA  FF 75 10				push	[ebp+16]
 000003AD  FF 75 0C				push	[ebp+12]
 000003B0  FF 75 08				push	[ebp+8]
 000003B3  E8 FFFFFF37				call	ReadValConvert
 000003B8  EB 07				jmp		readValConvertEndPnt			; once we break, jump to end, skipping over inval flag

						; if here, something went wrong and we need to flag it and bail.
 000003BA				invalDetectedPnt:
 000003BA  B0 01				mov		al,						1
 000003BC  8B 5D 18				mov		ebx,					[ebp+24]; @invalFlag now in eax
 000003BF  88 03				mov		[ebx],					al		; invalFlag now set

						; reached the end. if here, either 1) ran through all chars and all was valid, 2) encountered invalid char, or 3) val was too big to fit.
 000003C1				readValConvertEndPnt:

						; no need to pop ebp; handled by LOCAL
 000003C1  5A		   *	    pop    edx
 000003C2  59		   *	    pop    ecx
 000003C3  5B		   *	    pop    ebx
 000003C4  58		   *	    pop    eax
 000003C5  C9		   *	    leave  
 000003C6  C2 0014				ret		20
 000003C9			readValConvert ENDP

				;-----------------------------------------------------
 000003C9			writeData PROC
				;
				; A procedure that will write arg5 # of ints to the screen.
				; This procedure mostly handles the iteration through an array
				; of vals. Actual conversion and display of data is handled within
				; subprocs writeValMain and writeValConvert.
				; 
				; Receives:
				;	ebp+8 = @valArr head (or just @ val of single value)
				;	ebp+12= @tempStr
				;	ebp+16= @temp val storage
				;	ebp+20= @joe sign flag
				;	ebp+24= @number of ints to process
				;
				; Returns: 
				;	Nothing.	
				;-----------------------------------------------------
						; set up the stack frame
 000003C9  55					push			ebp
 000003CA  8B EC				mov				ebp,				esp

						; save used regs
 000003CC  50					push			eax
 000003CD  53					push			ebx
 000003CE  51					push			ecx
 000003CF  52					push			edx

						; prep loop
 000003D0  8B 4D 18				mov				ecx,				[ebp+24]; ecx: @uIntCnt
 000003D3  8B 09				mov				ecx,				[ecx]	; ecx: uIntCnt value

						; loop through the array, displaying each integer to standard output
 000003D5				writeValsStartPnt:
						; set up the address of the int to be written out
						; get byte offset
 000003D5  8B 45 18				mov				eax,				[ebp+24]; eax: @cnt of ints to be written out
 000003D8  8B 00				mov				eax,				[eax]	; eax: cnt of ints to be written out
 000003DA  2B C1				sub				eax,				ecx		; eax: how many ints have been read in so far
 000003DC  BB 00000004				mov				ebx,				4		; ebx: # bytes in a DWORD
 000003E1  33 D2				xor				edx,				edx		; clear out edx
 000003E3  F7 E3				mul				ebx							; eax: byte offset for next int storage

						; get effective addr
 000003E5  8B 5D 08				mov				ebx,				[ebp+8]	; ebx: addr of the val storage head
 000003E8  03 D8				add				ebx,				eax		; ebx: effective addr of mem location where val should be stored
						
						; push n call - write cur val arr pos's int to screen
 000003EA  FF 75 14				push			[ebp+20]				; arg4 = @joe sign flag
 000003ED  FF 75 10				push			[ebp+16]				; arg3 = @temp val storage
 000003F0  FF 75 0C				push			[ebp+12]				; arg2 = @temp string address to which converted val will be written
 000003F3  53					push			ebx						; arg1 = @val arr pos to be read
 000003F4  E8 0000000F				call			writeValMain
 000003F9  E8 00000000 E			call			CrLF

 000003FE  E2 D5				loop			writeValsStartPnt

						; restore used regs
 00000400  5A					pop				edx
 00000401  59					pop				ecx
 00000402  5B					pop				ebx
 00000403  58					pop				eax

 00000404  5D					pop				ebp
 00000405  C2 0014				ret				20
 00000408			writeData ENDP

				;-----------------------------------------------------
 00000408			writeValMain PROC 
				;
				; Takes a signed or unsigned integer value and writes it to standard output.
				; Relies on recursive calls to writeValConvert to convert the int to ASCII vals,
				; stored into a temp string (arg 2). 1 call to writeValConvert per byte.
				; Note: negative ints are first converted to their absolute value (unsigned representation)
				; for easier conversion.
				; 
				; Receives:
				;	ebp+8 = @val to be displayed
				;	ebp+12= @tempStr
				;	ebp+16= @temp val storage (if converted from two's complement)
				;	ebp+20= @joe sign flag
				;
				; Returns: 
				;	Nothing.	
				;-----------------------------------------------------
						; set up the stack frame
 00000408  55					push			ebp
 00000409  8B EC				mov				ebp,				esp
					
						; save used regs
 0000040B  50					push			eax
 0000040C  53					push			ebx
 0000040D  52					push			edx
 0000040E  57					push			edi

						; reset all critical values	
						; clear the memory in tempStr. it can be 12 characters long, which is 3 DWORDs. make enough replacements to clear out all 12 bytes.
 0000040F  33 C0				xor				eax,				eax		; eax: 32 bits of punishing void
 00000411  8B 5D 0C				mov				ebx,				[ebp+12]; ebx: head of tempStr
 00000414  89 03				mov				[ebx],				eax		; tempstr[0-3] clear
 00000416  83 C3 04				add				ebx,				4		; ebx: tempStr[4]
 00000419  89 03				mov				[ebx],				eax		; tempstr[4-7] clear
 0000041B  83 C3 04				add				ebx,				4		; ebx: tempStr[8]
 0000041E  89 03				mov				[ebx],				eax		; tempstr[8-11] clear

						; clear joe sign flag
 00000420  B0 00				mov				al,					0
 00000422  8B 5D 14				mov				ebx,				[ebp+20]; ebx: @ joe sign flag
 00000425  88 03				mov				[ebx],				al		; flag now clear

						; get string into edi and set direction flag
 00000427  8B 7D 0C				mov				edi,				[ebp+12]; edi: temp string head
 0000042A  83 C7 0B				add				edi,				11		; edi: temp string final idx. values to be filled in from here toward the front
 0000042D  FD					std

						; is the value positive or negative? if positive, leave sign flag blank. if negative, convert back from two's complement before pushing to make int -> char conversion simpler.
						; set joe sign flag
 0000042E  8B 45 08				mov				eax,				[ebp+8] ; eax: @val to be displayed
 00000431  8B 00				mov				eax,				[eax]	; eax: actual val of val to be displayed
 00000433  83 C0 00				add				eax,				0		; let's see what the sign flag is
 00000436  79 0C				jns				valConvertPnt				; if positive, just jump to convert

						; if here, val is negative.
						; set joe sign flag
 00000438  B3 01				mov				bl,					1
 0000043A  8B 55 14				mov				edx,				[ebp+20]; ebx: @ joe sign flag
 0000043D  88 1A				mov				[edx],				bl		; flag now set

						; deconvert from two's complement
 0000043F  33 D2				xor				edx,				edx
 00000441  6B C0 FF				imul			eax,				-1		; simple method		

						; push n call recursive function to set up string
 00000444				valConvertPnt:
						; get val into mem location so we can push it by address. it's still sitting in eax, whether it was pos or neg
 00000444  8B 5D 10				mov				ebx,				[ebp+16]; ebx: @temp val storage
 00000447  89 03				mov				[ebx],				eax		; @temp val storage = absolute value of current val

 00000449  FF 75 10				push			[ebp+16]					; arg1: @abs value of current val
 0000044C  E8 0000002A				call			WriteValConvert				; after call: integer converted to ascii vals and stored in tempStr, and edi points to byte before most significant digit char.
						
						; display a + or -, dependent upon the joe sign flag.
 00000451  8B 5D 14				mov				ebx,				[ebp+20]; ebx: @joe sign flag
 00000454  8B 1B				mov				ebx,				[ebx]	; ebx: val of joe sign flag
 00000456  80 FB 00				cmp				bl,					0		; joe sign flag vs. 0
 00000459  75 08				jnz				negCharPnt					; if sign flag is set, move to insert a minus (-) sign

						; if here, val is positive. insert a + into the pos at edi.
 0000045B				posCharPnt:
 0000045B  B8 0000002B				mov				eax,				43		; eax: ASCII code for plus sign (+)
 00000460  AA					stosb										; inserted + before string.
 00000461  EB 06				jmp				dispStringPnt				; skip neg char display

						; if here, val is positive. insert a + into the pos at edi.
 00000463				negCharPnt:
 00000463  B8 0000002D				mov				eax,				45		; eax: ASCII code for minus sign (-)
 00000468  AA					stosb										; inserted - before string.

 00000469				dispStringPnt:
						; display string
 00000469  47					inc				edi							; return edi to the +/- position. otherwise, we may likely be sitting on 00
						mDisplayString	edi							; passing edi rather than the stack-passed ebp, because ASCII representations of user-entered ints may vary from 2-11 bytes. edi is already @head.
 0000046A  52		     1		push	edx
 0000046B  8B D7	     1		mov		edx,	 edi
 0000046D  E8 00000000 E     1		call	WriteString
 00000472  5A		     1		pop		edx

						; restore used regs
 00000473  5F					pop				edi
 00000474  5A					pop				edx
 00000475  5B					pop				ebx
 00000476  58					pop				eax

 00000477  5D					pop				ebp
 00000478  C2 0010				ret				16
 0000047B			writeValMain ENDP

				;-----------------------------------------------------
 0000047B			writeValConvert PROC
				;
				; Recursive function that converts an unsigned integer value into its ASCII digit chars. The digits are stored in order of least-significnt digit
				; to most-significant digit (i.e., high string index to low string index, right-to-left). The digit chars are ascertained by continually dividing the
				; original val by an order of magnitude, collecting the remainders and adding 48 to get their ASCII representations. The quotient is then passed to the next recursive call.
				; Each successive call will thus be working with a val one magnitude smaller than the last. Base case is hit when the quotient is 0.
				; (This is sort-of a 'post-test' recursive algorithm; any value passed to this function is necessarily divisible by 10 x times, where x is 0...n.
				; Thus, even a value inside magnitude 10^0 will be successfully converted & stored.)
				;
				; CITATION: Inspiration for the algorithm credited to AsmGuru62 in her/his top comment at this link: https://programmersheaven.com/discussion/67893/converting-number-to-string
				; 
				; Receives:
				;	edi	  = @ of current pos in temp string
				;			(I know this is being passed to the subproc in a reg, but it's the only way to use stosb in a recursive function.
				;			Pushing @curpos onto the stack would be pointless. edi is push/popped in main calling func.)
				;	ebp+8 = @abs val of cur val. (No telling what would happen if a signed negative int were passed here).
				;
				; Returns: 
				;	Nothing, but the temp string will be filled with everything but the +/- (handled in main caller).
				;-----------------------------------------------------
						; set up the stack frame
 0000047B  55					push		ebp
 0000047C  8B EC				mov			ebp,		esp
					
						; save used regs
 0000047E  50					push		eax
 0000047F  53					push		ebx
 00000480  52					push		edx

						; divide val by 10 to break into quotient & remainder
 00000481  8B 45 08				mov			eax,		[ebp+8]		; eax: @ cur val
 00000484  8B 00				mov			eax,		[eax]		; eax: cur val itself
 00000486  BB 0000000A				mov			ebx,		10
 0000048B  33 D2				xor			edx,		edx			; edx gets so dirty all the time. more like esx, amirite?
 0000048D  F7 F3				div			ebx						; eax: quotient; edx: remainder (i.e., the next digit, not yet ASCII-fied)
 0000048F  50					push		eax						; store the quotient while processing the remainder

						; convert remainder to ASCII code and store as char
 00000490  80 C2 30				add			dl,			48			; edx: ASCII representation of quotient
 00000493  8A C2				mov			al,			dl			; al: ASCII representation of quotient
 00000495  AA					stosb								; ASCII-represented value now stored in string, and string has been decremented to next char location
					
						; base case checking
						; have we done all of the digits? if quotient > 0, then we can still divide further into it.
 00000496  58					pop			eax						; restore the quotient
 00000497  83 F8 00				cmp			eax,		0			; quotient vs. 0
 0000049A  74 0D				jz			writeValConvertEndPnt	; if quotient is 0, then we've processed the entire integer. terminate.

						; if here, quotient > 0. get the next char.
 0000049C  8B 5D 08				mov			ebx,		[ebp+8]		; ebx: @curval
 0000049F  89 03				mov			[ebx],		eax			; @curval = quotient, i.e., previous curVal with least-significant place removed.
 000004A1  FF 75 08				push		[ebp+8]					; arg1 = @curVal, least-significant place removed.
 000004A4  E8 FFFFFFD2				call		WriteValConvert

						; if here, either we've processed the entire digit, or we're unzipping.
 000004A9				writeValConvertEndPnt:
						; restore used regs
 000004A9  58					pop			eax
 000004AA  5B					pop			ebx
 000004AB  5A					pop			edx

 000004AC  5D					pop			ebp
 000004AD  C2 0004				ret			4
 000004B0			writeValConvert ENDP

				;-----------------------------------------------------
 000004B0			calcAvg PROC
				;
				; Divides the sum (arg1) by the integer count (arg2) and stores the result in arg3.
				; 
				; Receives:
				;	ebp+8 = @sum
				;	ebp+12= @int count
				;	ebp+16= @location to store the quotient
				;	ebp+20= @joe sign flag
				;
				; Returns: 
				;	The quotient will be stored in arg3. The remainder is discarded.
				;-----------------------------------------------------
						; set up the stack frame
 000004B0  55					push	ebp
 000004B1  8B EC				mov		ebp,	esp
					
						; save used regs
 000004B3  50					push	eax
 000004B4  53					push	ebx
 000004B5  52					push	edx

						; reset sign flag
 000004B6  B0 00				mov				al,					0
 000004B8  8B 5D 14				mov				ebx,				[ebp+20]; ebx: @ joe sign flag
 000004BB  88 03				mov				[ebx],				al		; flag now clear
						
						; is the value positive or negative? if positive, leave sign flag blank. if negative, convert back from two's complement to make avg calc simpler.
						; set joe sign flag
 000004BD  8B 45 08				mov				eax,				[ebp+8] ; eax: @sum
 000004C0  8B 00				mov				eax,				[eax]	; eax: sum val
 000004C2  83 C0 00				add				eax,				0		; let's see what the sign flag is
 000004C5  79 0C				jns				avgCalcPnt					; if positive, just jump to calc

						; if here, val is negative.
						; set joe sign flag
 000004C7  B3 01				mov				bl,					1
 000004C9  8B 55 14				mov				edx,				[ebp+20]; ebx: @ joe sign flag
 000004CC  88 1A				mov				[edx],				bl		; flag now set

						; deconvert from two's complement
 000004CE  33 D2				xor				edx,				edx
 000004D0  6B C0 FF				imul			eax,				-1		; simple method		

						; calculate
 000004D3				avgCalcPnt:
 000004D3  8B 5D 0C				mov		ebx,			[ebp+12]; ebx: @int count
 000004D6  8B 1B				mov		ebx,			[ebx]	; ebx: int count val
 000004D8  33 D2				xor		edx,			edx
 000004DA  F7 FB				idiv	ebx						; eax: avg

						; if sum was negative, convert back
 000004DC  8B 5D 08				mov		ebx,			[ebp+8] ; eax: @sum
 000004DF  8B 1B				mov		ebx,			[ebx]	; eax: sum val
 000004E1  83 C3 00				add		ebx,			0		; let's see what the sign flag is
 000004E4  79 05				jns		avgStorePnt				; if positive, just jump to store

						; if here, val is negative.
						; convert back to two's complement
 000004E6  33 D2				xor				edx,				edx
 000004E8  6B C0 FF				imul			eax,				-1		; simple method		

						; store avg
 000004EB				avgStorePnt:
 000004EB  8B 5D 10				mov		ebx,	[ebp+16]; ebx: @quo storage
 000004EE  89 03				mov		[ebx],	eax		; storeQuo now stored with quo, donchyaknow

						; restore used reg
 000004F0  5A					pop		edx
 000004F1  5B					pop		ebx
 000004F2  58					pop		eax

 000004F3  5D					pop		ebp
 000004F4  C2 0010				ret		16
 000004F7			calcAvg ENDP

				END main
Microsoft (R) Macro Assembler Version 14.13.26129.0	    06/10/18 14:44:52
;Program 06a - Assembly Skill Validation     (Project06.asm  Symbols 2 - 1




Macros:

                N a m e                 Type

mDisplaystring . . . . . . . . .	Proc
mGetString . . . . . . . . . . .	Proc


Structures and Unions:

                N a m e                  Size
                                         Offset      Type

CONSOLE_CURSOR_INFO  . . . . . .	 00000008
  dwSize . . . . . . . . . . . .	 00000000	 DWord
  bVisible . . . . . . . . . . .	 00000004	 DWord
CONSOLE_SCREEN_BUFFER_INFO . . .	 00000016
  dwSize . . . . . . . . . . . .	 00000000	 DWord
  dwCursorPosition . . . . . . .	 00000004	 DWord
  wAttributes  . . . . . . . . .	 00000008	 Word
  srWindow . . . . . . . . . . .	 0000000A	 QWord
  dwMaximumWindowSize  . . . . .	 00000012	 DWord
COORD  . . . . . . . . . . . . .	 00000004
  X  . . . . . . . . . . . . . .	 00000000	 Word
  Y  . . . . . . . . . . . . . .	 00000002	 Word
FILETIME . . . . . . . . . . . .	 00000008
  loDateTime . . . . . . . . . .	 00000000	 DWord
  hiDateTime . . . . . . . . . .	 00000004	 DWord
FOCUS_EVENT_RECORD . . . . . . .	 00000004
  bSetFocus  . . . . . . . . . .	 00000000	 DWord
FPU_ENVIRON  . . . . . . . . . .	 0000001C
  controlWord  . . . . . . . . .	 00000000	 Word
  statusWord . . . . . . . . . .	 00000004	 Word
  tagWord  . . . . . . . . . . .	 00000008	 Word
  instrPointerOffset . . . . . .	 0000000C	 DWord
  instrPointerSelector . . . . .	 00000010	 DWord
  operandPointerOffset . . . . .	 00000014	 DWord
  operandPointerSelector . . . .	 00000018	 Word
INPUT_RECORD . . . . . . . . . .	 00000014
  EventType  . . . . . . . . . .	 00000000	 Word
  Event  . . . . . . . . . . . .	 00000004	 XmmWord
  bKeyDown . . . . . . . . . . .	 00000000	 DWord
  wRepeatCount . . . . . . . . .	 00000004	 Word
  wVirtualKeyCode  . . . . . . .	 00000006	 Word
  wVirtualScanCode . . . . . . .	 00000008	 Word
  uChar  . . . . . . . . . . . .	 0000000A	 Word
  UnicodeChar  . . . . . . . . .	 00000000	 Word
  AsciiChar  . . . . . . . . . .	 00000000	 Byte
  dwControlKeyState  . . . . . .	 0000000C	 DWord
  dwMousePosition  . . . . . . .	 00000000	 DWord
  dwButtonState  . . . . . . . .	 00000004	 DWord
  dwMouseControlKeyState . . . .	 00000008	 DWord
  dwEventFlags . . . . . . . . .	 0000000C	 DWord
  dwSize . . . . . . . . . . . .	 00000000	 DWord
  dwCommandId  . . . . . . . . .	 00000000	 DWord
  bSetFocus  . . . . . . . . . .	 00000000	 DWord
KEY_EVENT_RECORD . . . . . . . .	 00000010
  bKeyDown . . . . . . . . . . .	 00000000	 DWord
  wRepeatCount . . . . . . . . .	 00000004	 Word
  wVirtualKeyCode  . . . . . . .	 00000006	 Word
  wVirtualScanCode . . . . . . .	 00000008	 Word
  uChar  . . . . . . . . . . . .	 0000000A	 Word
  UnicodeChar  . . . . . . . . .	 00000000	 Word
  AsciiChar  . . . . . . . . . .	 00000000	 Byte
  dwControlKeyState  . . . . . .	 0000000C	 DWord
MENU_EVENT_RECORD  . . . . . . .	 00000004
  dwCommandId  . . . . . . . . .	 00000000	 DWord
MOUSE_EVENT_RECORD . . . . . . .	 00000010
  dwMousePosition  . . . . . . .	 00000000	 DWord
  dwButtonState  . . . . . . . .	 00000004	 DWord
  dwMouseControlKeyState . . . .	 00000008	 DWord
  dwEventFlags . . . . . . . . .	 0000000C	 DWord
SMALL_RECT . . . . . . . . . . .	 00000008
  Left . . . . . . . . . . . . .	 00000000	 Word
  Top  . . . . . . . . . . . . .	 00000002	 Word
  Right  . . . . . . . . . . . .	 00000004	 Word
  Bottom . . . . . . . . . . . .	 00000006	 Word
SYSTEMTIME . . . . . . . . . . .	 00000010
  wYear  . . . . . . . . . . . .	 00000000	 Word
  wMonth . . . . . . . . . . . .	 00000002	 Word
  wDayOfWeek . . . . . . . . . .	 00000004	 Word
  wDay . . . . . . . . . . . . .	 00000006	 Word
  wHour  . . . . . . . . . . . .	 00000008	 Word
  wMinute  . . . . . . . . . . .	 0000000A	 Word
  wSecond  . . . . . . . . . . .	 0000000C	 Word
  wMilliseconds  . . . . . . . .	 0000000E	 Word
WINDOW_BUFFER_SIZE_RECORD  . . .	 00000004
  dwSize . . . . . . . . . . . .	 00000000	 DWord


Segments and Groups:

                N a m e                 Size     Length   Align   Combine Class

FLAT . . . . . . . . . . . . . .	GROUP
STACK  . . . . . . . . . . . . .	32 Bit	 00001000 Para	  Stack	  'STACK'	 
_DATA  . . . . . . . . . . . . .	32 Bit	 000003CC Para	  Public  'DATA'	
_TEXT  . . . . . . . . . . . . .	32 Bit	 000004F7 Para	  Public  'CODE'	


Procedures, parameters, and locals:

                N a m e                 Type     Value    Attr

CloseFile  . . . . . . . . . . .	P Near	 00000000 FLAT	Length= 00000000 External STDCALL
CloseHandle  . . . . . . . . . .	P Near	 00000000 FLAT	Length= 00000000 External STDCALL
Clrscr . . . . . . . . . . . . .	P Near	 00000000 FLAT	Length= 00000000 External STDCALL
CreateFileA  . . . . . . . . . .	P Near	 00000000 FLAT	Length= 00000000 External STDCALL
CreateOutputFile . . . . . . . .	P Near	 00000000 FLAT	Length= 00000000 External STDCALL
Crlf . . . . . . . . . . . . . .	P Near	 00000000 FLAT	Length= 00000000 External STDCALL
Delay  . . . . . . . . . . . . .	P Near	 00000000 FLAT	Length= 00000000 External STDCALL
DumpMem  . . . . . . . . . . . .	P Near	 00000000 FLAT	Length= 00000000 External STDCALL
DumpRegs . . . . . . . . . . . .	P Near	 00000000 FLAT	Length= 00000000 External STDCALL
ExitProcess  . . . . . . . . . .	P Near	 00000000 FLAT	Length= 00000000 External STDCALL
FileTimeToDosDateTime  . . . . .	P Near	 00000000 FLAT	Length= 00000000 External STDCALL
FileTimeToSystemTime . . . . . .	P Near	 00000000 FLAT	Length= 00000000 External STDCALL
FlushConsoleInputBuffer  . . . .	P Near	 00000000 FLAT	Length= 00000000 External STDCALL
FormatMessageA . . . . . . . . .	P Near	 00000000 FLAT	Length= 00000000 External STDCALL
GetCommandLineA  . . . . . . . .	P Near	 00000000 FLAT	Length= 00000000 External STDCALL
GetCommandTail . . . . . . . . .	P Near	 00000000 FLAT	Length= 00000000 External STDCALL
GetConsoleCP . . . . . . . . . .	P Near	 00000000 FLAT	Length= 00000000 External STDCALL
GetConsoleCursorInfo . . . . . .	P Near	 00000000 FLAT	Length= 00000000 External STDCALL
GetConsoleMode . . . . . . . . .	P Near	 00000000 FLAT	Length= 00000000 External STDCALL
GetConsoleScreenBufferInfo . . .	P Near	 00000000 FLAT	Length= 00000000 External STDCALL
GetDateTime  . . . . . . . . . .	P Near	 00000000 FLAT	Length= 00000000 External STDCALL
GetFileTime  . . . . . . . . . .	P Near	 00000000 FLAT	Length= 00000000 External STDCALL
GetKeyState  . . . . . . . . . .	P Near	 00000000 FLAT	Length= 00000000 External STDCALL
GetLastError . . . . . . . . . .	P Near	 00000000 FLAT	Length= 00000000 External STDCALL
GetLocalTime . . . . . . . . . .	P Near	 00000000 FLAT	Length= 00000000 External STDCALL
GetMaxXY . . . . . . . . . . . .	P Near	 00000000 FLAT	Length= 00000000 External STDCALL
GetMseconds  . . . . . . . . . .	P Near	 00000000 FLAT	Length= 00000000 External STDCALL
GetNumberOfConsoleInputEvents  .	P Near	 00000000 FLAT	Length= 00000000 External STDCALL
GetProcessHeap . . . . . . . . .	P Near	 00000000 FLAT	Length= 00000000 External STDCALL
GetStdHandle . . . . . . . . . .	P Near	 00000000 FLAT	Length= 00000000 External STDCALL
GetSystemTime  . . . . . . . . .	P Near	 00000000 FLAT	Length= 00000000 External STDCALL
GetTextColor . . . . . . . . . .	P Near	 00000000 FLAT	Length= 00000000 External STDCALL
GetTickCount . . . . . . . . . .	P Near	 00000000 FLAT	Length= 00000000 External STDCALL
Gotoxy . . . . . . . . . . . . .	P Near	 00000000 FLAT	Length= 00000000 External STDCALL
HeapAlloc  . . . . . . . . . . .	P Near	 00000000 FLAT	Length= 00000000 External STDCALL
HeapCreate . . . . . . . . . . .	P Near	 00000000 FLAT	Length= 00000000 External STDCALL
HeapDestroy  . . . . . . . . . .	P Near	 00000000 FLAT	Length= 00000000 External STDCALL
HeapFree . . . . . . . . . . . .	P Near	 00000000 FLAT	Length= 00000000 External STDCALL
HeapSize . . . . . . . . . . . .	P Near	 00000000 FLAT	Length= 00000000 External STDCALL
IsDigit  . . . . . . . . . . . .	P Near	 00000000 FLAT	Length= 00000000 External STDCALL
LocalFree  . . . . . . . . . . .	P Near	 00000000 FLAT	Length= 00000000 External STDCALL
MessageBoxA  . . . . . . . . . .	P Near	 00000000 FLAT	Length= 00000000 External STDCALL
MsgBoxAsk  . . . . . . . . . . .	P Near	 00000000 FLAT	Length= 00000000 External STDCALL
MsgBox . . . . . . . . . . . . .	P Near	 00000000 FLAT	Length= 00000000 External STDCALL
OpenInputFile  . . . . . . . . .	P Near	 00000000 FLAT	Length= 00000000 External STDCALL
ParseDecimal32 . . . . . . . . .	P Near	 00000000 FLAT	Length= 00000000 External STDCALL
ParseInteger32 . . . . . . . . .	P Near	 00000000 FLAT	Length= 00000000 External STDCALL
PeekConsoleInputA  . . . . . . .	P Near	 00000000 FLAT	Length= 00000000 External STDCALL
Random32 . . . . . . . . . . . .	P Near	 00000000 FLAT	Length= 00000000 External STDCALL
RandomRange  . . . . . . . . . .	P Near	 00000000 FLAT	Length= 00000000 External STDCALL
Randomize  . . . . . . . . . . .	P Near	 00000000 FLAT	Length= 00000000 External STDCALL
ReadChar . . . . . . . . . . . .	P Near	 00000000 FLAT	Length= 00000000 External STDCALL
ReadConsoleA . . . . . . . . . .	P Near	 00000000 FLAT	Length= 00000000 External STDCALL
ReadConsoleInputA  . . . . . . .	P Near	 00000000 FLAT	Length= 00000000 External STDCALL
ReadDec  . . . . . . . . . . . .	P Near	 00000000 FLAT	Length= 00000000 External STDCALL
ReadFile . . . . . . . . . . . .	P Near	 00000000 FLAT	Length= 00000000 External STDCALL
ReadFloat  . . . . . . . . . . .	P Near	 00000000 FLAT	Length= 00000000 External STDCALL
ReadFromFile . . . . . . . . . .	P Near	 00000000 FLAT	Length= 00000000 External STDCALL
ReadHex  . . . . . . . . . . . .	P Near	 00000000 FLAT	Length= 00000000 External STDCALL
ReadInt  . . . . . . . . . . . .	P Near	 00000000 FLAT	Length= 00000000 External STDCALL
ReadKeyFlush . . . . . . . . . .	P Near	 00000000 FLAT	Length= 00000000 External STDCALL
ReadKey  . . . . . . . . . . . .	P Near	 00000000 FLAT	Length= 00000000 External STDCALL
ReadString . . . . . . . . . . .	P Near	 00000000 FLAT	Length= 00000000 External STDCALL
SetConsoleCursorInfo . . . . . .	P Near	 00000000 FLAT	Length= 00000000 External STDCALL
SetConsoleCursorPosition . . . .	P Near	 00000000 FLAT	Length= 00000000 External STDCALL
SetConsoleMode . . . . . . . . .	P Near	 00000000 FLAT	Length= 00000000 External STDCALL
SetConsoleScreenBufferSize . . .	P Near	 00000000 FLAT	Length= 00000000 External STDCALL
SetConsoleTextAttribute  . . . .	P Near	 00000000 FLAT	Length= 00000000 External STDCALL
SetConsoleTitleA . . . . . . . .	P Near	 00000000 FLAT	Length= 00000000 External STDCALL
SetConsoleWindowInfo . . . . . .	P Near	 00000000 FLAT	Length= 00000000 External STDCALL
SetFilePointer . . . . . . . . .	P Near	 00000000 FLAT	Length= 00000000 External STDCALL
SetLocalTime . . . . . . . . . .	P Near	 00000000 FLAT	Length= 00000000 External STDCALL
SetTextColor . . . . . . . . . .	P Near	 00000000 FLAT	Length= 00000000 External STDCALL
ShowFPUStack . . . . . . . . . .	P Near	 00000000 FLAT	Length= 00000000 External STDCALL
Sleep  . . . . . . . . . . . . .	P Near	 00000000 FLAT	Length= 00000000 External STDCALL
StrLength  . . . . . . . . . . .	P Near	 00000000 FLAT	Length= 00000000 External STDCALL
Str_compare  . . . . . . . . . .	P Near	 00000000 FLAT	Length= 00000000 External STDCALL
Str_copy . . . . . . . . . . . .	P Near	 00000000 FLAT	Length= 00000000 External STDCALL
Str_length . . . . . . . . . . .	P Near	 00000000 FLAT	Length= 00000000 External STDCALL
Str_trim . . . . . . . . . . . .	P Near	 00000000 FLAT	Length= 00000000 External STDCALL
Str_ucase  . . . . . . . . . . .	P Near	 00000000 FLAT	Length= 00000000 External STDCALL
SystemTimeToFileTime . . . . . .	P Near	 00000000 FLAT	Length= 00000000 External STDCALL
WaitMsg  . . . . . . . . . . . .	P Near	 00000000 FLAT	Length= 00000000 External STDCALL
WriteBinB  . . . . . . . . . . .	P Near	 00000000 FLAT	Length= 00000000 External STDCALL
WriteBin . . . . . . . . . . . .	P Near	 00000000 FLAT	Length= 00000000 External STDCALL
WriteChar  . . . . . . . . . . .	P Near	 00000000 FLAT	Length= 00000000 External STDCALL
WriteConsoleA  . . . . . . . . .	P Near	 00000000 FLAT	Length= 00000000 External STDCALL
WriteConsoleOutputAttribute  . .	P Near	 00000000 FLAT	Length= 00000000 External STDCALL
WriteConsoleOutputCharacterA . .	P Near	 00000000 FLAT	Length= 00000000 External STDCALL
WriteDec . . . . . . . . . . . .	P Near	 00000000 FLAT	Length= 00000000 External STDCALL
WriteFile  . . . . . . . . . . .	P Near	 00000000 FLAT	Length= 00000000 External STDCALL
WriteFloat . . . . . . . . . . .	P Near	 00000000 FLAT	Length= 00000000 External STDCALL
WriteHexB  . . . . . . . . . . .	P Near	 00000000 FLAT	Length= 00000000 External STDCALL
WriteHex . . . . . . . . . . . .	P Near	 00000000 FLAT	Length= 00000000 External STDCALL
WriteInt . . . . . . . . . . . .	P Near	 00000000 FLAT	Length= 00000000 External STDCALL
WriteStackFrameName  . . . . . .	P Near	 00000000 FLAT	Length= 00000000 External STDCALL
WriteStackFrame  . . . . . . . .	P Near	 00000000 FLAT	Length= 00000000 External STDCALL
WriteString  . . . . . . . . . .	P Near	 00000000 FLAT	Length= 00000000 External STDCALL
WriteToFile  . . . . . . . . . .	P Near	 00000000 FLAT	Length= 00000000 External STDCALL
WriteWindowsMsg  . . . . . . . .	P Near	 00000000 FLAT	Length= 00000000 External STDCALL
calcAvg  . . . . . . . . . . . .	P Near	 000004B0 _TEXT	Length= 00000047 Public STDCALL
  avgCalcPnt . . . . . . . . . .	L Near	 000004D3 _TEXT	
  avgStorePnt  . . . . . . . . .	L Near	 000004EB _TEXT	
getData  . . . . . . . . . . . .	P Near	 000001D3 _TEXT	Length= 0000008E Public STDCALL
  getIntStartPnt . . . . . . . .	L Near	 000001DF _TEXT	
intro  . . . . . . . . . . . . .	P Near	 00000145 _TEXT	Length= 0000008E Public STDCALL
main . . . . . . . . . . . . . .	P Near	 00000000 _TEXT	Length= 00000145 Public STDCALL
printf . . . . . . . . . . . . .	P Near	 00000000 FLAT	Length= 00000000 External C
readValConvert . . . . . . . . .	P Near	 000002EF _TEXT	Length= 000000DA Public STDCALL
  curVal . . . . . . . . . . . .	DWord	 bp - 00000004
  curMag . . . . . . . . . . . .	DWord	 bp - 00000008
  signValPnt . . . . . . . . . .	L Near	 0000032C _TEXT	
  digitValPnt  . . . . . . . . .	L Near	 0000034B _TEXT	
  convertStartPnt  . . . . . . .	L Near	 00000355 _TEXT	
  magCalcStartPnt  . . . . . . .	L Near	 00000373 _TEXT	
  magMulPnt  . . . . . . . . . .	L Near	 00000387 _TEXT	
  validPnt . . . . . . . . . . .	L Near	 0000039A _TEXT	
  invalDetectedPnt . . . . . . .	L Near	 000003BA _TEXT	
  readValConvertEndPnt . . . . .	L Near	 000003C1 _TEXT	
readValMain  . . . . . . . . . .	P Near	 00000261 _TEXT	Length= 0000008E Public STDCALL
  getStrPnt  . . . . . . . . . .	L Near	 00000269 _TEXT	
  readValMainEndPnt  . . . . . .	L Near	 000002E6 _TEXT	
scanf  . . . . . . . . . . . . .	P Near	 00000000 FLAT	Length= 00000000 External C
writeData  . . . . . . . . . . .	P Near	 000003C9 _TEXT	Length= 0000003F Public STDCALL
  writeValsStartPnt  . . . . . .	L Near	 000003D5 _TEXT	
writeValConvert  . . . . . . . .	P Near	 0000047B _TEXT	Length= 00000035 Public STDCALL
  writeValConvertEndPnt  . . . .	L Near	 000004A9 _TEXT	
writeValMain . . . . . . . . . .	P Near	 00000408 _TEXT	Length= 00000073 Public STDCALL
  valConvertPnt  . . . . . . . .	L Near	 00000444 _TEXT	
  posCharPnt . . . . . . . . . .	L Near	 0000045B _TEXT	
  negCharPnt . . . . . . . . . .	L Near	 00000463 _TEXT	
  dispStringPnt  . . . . . . . .	L Near	 00000469 _TEXT	
wsprintfA  . . . . . . . . . . .	P Near	 00000000 FLAT	Length= 00000000 External C


Symbols:

                N a m e                 Type     Value    Attr

@CodeSize  . . . . . . . . . . .	Number	 00000000h   
@DataSize  . . . . . . . . . . .	Number	 00000000h   
@Interface . . . . . . . . . . .	Number	 00000003h   
@Model . . . . . . . . . . . . .	Number	 00000007h   
@code  . . . . . . . . . . . . .	Text   	 _TEXT
@data  . . . . . . . . . . . . .	Text   	 FLAT
@fardata?  . . . . . . . . . . .	Text   	 FLAT
@fardata . . . . . . . . . . . .	Text   	 FLAT
@stack . . . . . . . . . . . . .	Text   	 FLAT
ALT_MASK . . . . . . . . . . . .	Number	 00000003h   
CAPSLOCK_ON  . . . . . . . . . .	Number	 00000080h   
CREATE_ALWAYS  . . . . . . . . .	Number	 00000002h   
CREATE_NEW . . . . . . . . . . .	Number	 00000001h   
CTRL_MASK  . . . . . . . . . . .	Number	 0000000Ch   
CreateFile . . . . . . . . . . .	Text   	 CreateFileA
DO_NOT_SHARE . . . . . . . . . .	Number	 00000000h   
EC1  . . . . . . . . . . . . . .	Byte	 00000046 _DATA	
EC2  . . . . . . . . . . . . . .	Byte	 00000098 _DATA	
EC3  . . . . . . . . . . . . . .	Byte	 000000CA _DATA	
ENABLE_ECHO_INPUT  . . . . . . .	Number	 00000004h   
ENABLE_LINE_INPUT  . . . . . . .	Number	 00000002h   
ENABLE_MOUSE_INPUT . . . . . . .	Number	 00000010h   
ENABLE_PROCESSED_INPUT . . . . .	Number	 00000001h   
ENABLE_PROCESSED_OUTPUT  . . . .	Number	 00000001h   
ENABLE_WINDOW_INPUT  . . . . . .	Number	 00000008h   
ENABLE_WRAP_AT_EOL_OUTPUT  . . .	Number	 00000002h   
ENHANCED_KEY . . . . . . . . . .	Number	 00000100h   
FALSE  . . . . . . . . . . . . .	Number	 00000000h   
FILE_APPEND_DATA . . . . . . . .	Number	 00000004h   
FILE_ATTRIBUTE_ARCHIVE . . . . .	Number	 00000020h   
FILE_ATTRIBUTE_COMPRESSED  . . .	Number	 00000800h   
FILE_ATTRIBUTE_DEVICE  . . . . .	Number	 00000040h   
FILE_ATTRIBUTE_DIRECTORY . . . .	Number	 00000010h   
FILE_ATTRIBUTE_ENCRYPTED . . . .	Number	 00004000h   
FILE_ATTRIBUTE_HIDDEN  . . . . .	Number	 00000002h   
FILE_ATTRIBUTE_NORMAL  . . . . .	Number	 00000080h   
FILE_ATTRIBUTE_NOT_CONTENT_INDEXED .	Number	 00002000h   
FILE_ATTRIBUTE_OFFLINE . . . . .	Number	 00001000h   
FILE_ATTRIBUTE_READONLY  . . . .	Number	 00000001h   
FILE_ATTRIBUTE_REPARSE_POINT . .	Number	 00000400h   
FILE_ATTRIBUTE_SPARSE_FILE . . .	Number	 00000200h   
FILE_ATTRIBUTE_SYSTEM  . . . . .	Number	 00000004h   
FILE_ATTRIBUTE_TEMPORARY . . . .	Number	 00000100h   
FILE_BEGIN . . . . . . . . . . .	Number	 00000000h   
FILE_CURRENT . . . . . . . . . .	Number	 00000001h   
FILE_DELETE_CHILD  . . . . . . .	Number	 00000040h   
FILE_END . . . . . . . . . . . .	Number	 00000002h   
FILE_READ_DATA . . . . . . . . .	Number	 00000001h   
FILE_SHARE_DELETE  . . . . . . .	Number	 00000004h   
FILE_SHARE_READ  . . . . . . . .	Number	 00000001h   
FILE_SHARE_WRITE . . . . . . . .	Number	 00000002h   
FILE_WRITE_DATA  . . . . . . . .	Number	 00000002h   
FOCUS_EVENT  . . . . . . . . . .	Number	 00000010h   
FORMAT_MESSAGE_ALLOCATE_BUFFER .	Number	 00000100h   
FORMAT_MESSAGE_FROM_SYSTEM . . .	Number	 00001000h   
FormatMessage  . . . . . . . . .	Text   	 FormatMessageA
GENERIC_ALL  . . . . . . . . . .	Number	 10000000h   
GENERIC_EXECUTE  . . . . . . . .	Number	 20000000h   
GENERIC_READ . . . . . . . . . .	Number	 -80000000h   
GENERIC_WRITE  . . . . . . . . .	Number	 40000000h   
GetCommandLine . . . . . . . . .	Text   	 GetCommandLineA
HANDLE . . . . . . . . . . . . .	Text   	 DWORD
HEAP_GENERATE_EXCEPTIONS . . . .	Number	 00000004h   
HEAP_GROWABLE  . . . . . . . . .	Number	 00000002h   
HEAP_NO_SERIALIZE  . . . . . . .	Number	 00000001h   
HEAP_REALLOC_IN_PLACE_ONLY . . .	Number	 00000010h   
HEAP_ZERO_MEMORY . . . . . . . .	Number	 00000008h   
IDABORT  . . . . . . . . . . . .	Number	 00000003h   
IDCANCEL . . . . . . . . . . . .	Number	 00000002h   
IDCLOSE  . . . . . . . . . . . .	Number	 00000008h   
IDCONTINUE . . . . . . . . . . .	Number	 0000000Bh   
IDHELP . . . . . . . . . . . . .	Number	 00000009h   
IDIGNORE . . . . . . . . . . . .	Number	 00000005h   
IDNO . . . . . . . . . . . . . .	Number	 00000007h   
IDOK . . . . . . . . . . . . . .	Number	 00000001h   
IDRETRY  . . . . . . . . . . . .	Number	 00000004h   
IDTIMEOUT  . . . . . . . . . . .	Number	 00007D00h   
IDTRYAGAIN . . . . . . . . . . .	Number	 0000000Ah   
IDYES  . . . . . . . . . . . . .	Number	 00000006h   
INT_CNT  . . . . . . . . . . . .	Number	 0000000Ah   
INVALID_HANDLE_VALUE . . . . . .	Number	 -00000001h   
KBDOWN_FLAG  . . . . . . . . . .	Number	 00000001h   
KEY_EVENT  . . . . . . . . . . .	Number	 00000001h   
KEY_MASKS  . . . . . . . . . . .	Number	 0000001Fh   
LEFT_ALT_PRESSED . . . . . . . .	Number	 00000002h   
LEFT_CTRL_PRESSED  . . . . . . .	Number	 00000008h   
MAX_LEN  . . . . . . . . . . . .	Number	 0000000Ch   
MB_ABORTRETRYIGNORE  . . . . . .	Number	 00000002h   
MB_APPLMODAL . . . . . . . . . .	Number	 00000000h   
MB_CANCELTRYCONTINUE . . . . . .	Number	 00000006h   
MB_DEFBUTTON1  . . . . . . . . .	Number	 00000000h   
MB_DEFBUTTON2  . . . . . . . . .	Number	 00000100h   
MB_DEFBUTTON3  . . . . . . . . .	Number	 00000200h   
MB_DEFBUTTON4  . . . . . . . . .	Number	 00000300h   
MB_HELP  . . . . . . . . . . . .	Number	 00004000h   
MB_ICONASTERISK  . . . . . . . .	Number	 00000040h   
MB_ICONERROR . . . . . . . . . .	Number	 00000010h   
MB_ICONEXCLAMATION . . . . . . .	Number	 00000030h   
MB_ICONHAND  . . . . . . . . . .	Number	 00000010h   
MB_ICONINFORMATION . . . . . . .	Number	 00000040h   
MB_ICONQUESTION  . . . . . . . .	Number	 00000020h   
MB_ICONSTOP  . . . . . . . . . .	Number	 00000010h   
MB_ICONWARNING . . . . . . . . .	Number	 00000030h   
MB_OKCANCEL  . . . . . . . . . .	Number	 00000001h   
MB_OK  . . . . . . . . . . . . .	Number	 00000000h   
MB_RETRYCANCEL . . . . . . . . .	Number	 00000005h   
MB_SYSTEMMODAL . . . . . . . . .	Number	 00001000h   
MB_TASKMODAL . . . . . . . . . .	Number	 00002000h   
MB_USERICON  . . . . . . . . . .	Number	 00000080h   
MB_YESNOCANCEL . . . . . . . . .	Number	 00000003h   
MB_YESNO . . . . . . . . . . . .	Number	 00000004h   
MENU_EVENT . . . . . . . . . . .	Number	 00000008h   
MOUSE_EVENT  . . . . . . . . . .	Number	 00000002h   
MessageBox . . . . . . . . . . .	Text   	 MessageBoxA
NULL . . . . . . . . . . . . . .	Number	 00000000h   
NUMLOCK_ON . . . . . . . . . . .	Number	 00000020h   
OPEN_ALWAYS  . . . . . . . . . .	Number	 00000004h   
OPEN_EXISTING  . . . . . . . . .	Number	 00000003h   
PeekConsoleInput . . . . . . . .	Text   	 PeekConsoleInputA
RIGHT_ALT_PRESSED  . . . . . . .	Number	 00000001h   
RIGHT_CTRL_PRESSED . . . . . . .	Number	 00000004h   
ReadConsoleInput . . . . . . . .	Text   	 ReadConsoleInputA
ReadConsole  . . . . . . . . . .	Text   	 ReadConsoleA
SCROLLLOCK_ON  . . . . . . . . .	Number	 00000040h   
SHIFT_MASK . . . . . . . . . . .	Number	 00000010h   
SHIFT_PRESSED  . . . . . . . . .	Number	 00000010h   
STD_ERROR_HANDLE . . . . . . . .	Number	 -0000000Ch   
STD_INPUT_HANDLE . . . . . . . .	Number	 -0000000Ah   
STD_OUTPUT_HANDLE  . . . . . . .	Number	 -0000000Bh   
SetConsoleTitle  . . . . . . . .	Text   	 SetConsoleTitleA
TAB  . . . . . . . . . . . . . .	Number	 00000009h   
TRUE . . . . . . . . . . . . . .	Number	 00000001h   
TRUNCATE_EXISTING  . . . . . . .	Number	 00000005h   
VK_11  . . . . . . . . . . . . .	Number	 000000BDh   
VK_12  . . . . . . . . . . . . .	Number	 000000BBh   
VK_ADD . . . . . . . . . . . . .	Number	 0000006Bh   
VK_BACK  . . . . . . . . . . . .	Number	 00000008h   
VK_CANCEL  . . . . . . . . . . .	Number	 00000003h   
VK_CAPITAL . . . . . . . . . . .	Number	 00000014h   
VK_CLEAR . . . . . . . . . . . .	Number	 0000000Ch   
VK_CONTROL . . . . . . . . . . .	Number	 00000011h   
VK_DECIMAL . . . . . . . . . . .	Number	 0000006Eh   
VK_DELETE  . . . . . . . . . . .	Number	 0000002Eh   
VK_DIVIDE  . . . . . . . . . . .	Number	 0000006Fh   
VK_DOWN  . . . . . . . . . . . .	Number	 00000028h   
VK_END . . . . . . . . . . . . .	Number	 00000023h   
VK_ESCAPE  . . . . . . . . . . .	Number	 0000001Bh   
VK_EXECUTE . . . . . . . . . . .	Number	 0000002Bh   
VK_F10 . . . . . . . . . . . . .	Number	 00000079h   
VK_F11 . . . . . . . . . . . . .	Number	 0000007Ah   
VK_F12 . . . . . . . . . . . . .	Number	 0000007Bh   
VK_F13 . . . . . . . . . . . . .	Number	 0000007Ch   
VK_F14 . . . . . . . . . . . . .	Number	 0000007Dh   
VK_F15 . . . . . . . . . . . . .	Number	 0000007Eh   
VK_F16 . . . . . . . . . . . . .	Number	 0000007Fh   
VK_F17 . . . . . . . . . . . . .	Number	 00000080h   
VK_F18 . . . . . . . . . . . . .	Number	 00000081h   
VK_F19 . . . . . . . . . . . . .	Number	 00000082h   
VK_F1  . . . . . . . . . . . . .	Number	 00000070h   
VK_F20 . . . . . . . . . . . . .	Number	 00000083h   
VK_F21 . . . . . . . . . . . . .	Number	 00000084h   
VK_F22 . . . . . . . . . . . . .	Number	 00000085h   
VK_F23 . . . . . . . . . . . . .	Number	 00000086h   
VK_F24 . . . . . . . . . . . . .	Number	 00000087h   
VK_F2  . . . . . . . . . . . . .	Number	 00000071h   
VK_F3  . . . . . . . . . . . . .	Number	 00000072h   
VK_F4  . . . . . . . . . . . . .	Number	 00000073h   
VK_F5  . . . . . . . . . . . . .	Number	 00000074h   
VK_F6  . . . . . . . . . . . . .	Number	 00000075h   
VK_F7  . . . . . . . . . . . . .	Number	 00000076h   
VK_F8  . . . . . . . . . . . . .	Number	 00000077h   
VK_F9  . . . . . . . . . . . . .	Number	 00000078h   
VK_HELP  . . . . . . . . . . . .	Number	 0000002Fh   
VK_HOME  . . . . . . . . . . . .	Number	 00000024h   
VK_INSERT  . . . . . . . . . . .	Number	 0000002Dh   
VK_LBUTTON . . . . . . . . . . .	Number	 00000001h   
VK_LCONTROL  . . . . . . . . . .	Number	 000000A2h   
VK_LEFT  . . . . . . . . . . . .	Number	 00000025h   
VK_LMENU . . . . . . . . . . . .	Number	 000000A4h   
VK_LSHIFT  . . . . . . . . . . .	Number	 000000A0h   
VK_MENU  . . . . . . . . . . . .	Number	 00000012h   
VK_MULTIPLY  . . . . . . . . . .	Number	 0000006Ah   
VK_NEXT  . . . . . . . . . . . .	Number	 00000022h   
VK_NUMLOCK . . . . . . . . . . .	Number	 00000090h   
VK_NUMPAD0 . . . . . . . . . . .	Number	 00000060h   
VK_NUMPAD1 . . . . . . . . . . .	Number	 00000061h   
VK_NUMPAD2 . . . . . . . . . . .	Number	 00000062h   
VK_NUMPAD3 . . . . . . . . . . .	Number	 00000063h   
VK_NUMPAD4 . . . . . . . . . . .	Number	 00000064h   
VK_NUMPAD5 . . . . . . . . . . .	Number	 00000065h   
VK_NUMPAD6 . . . . . . . . . . .	Number	 00000066h   
VK_NUMPAD7 . . . . . . . . . . .	Number	 00000067h   
VK_NUMPAD8 . . . . . . . . . . .	Number	 00000068h   
VK_NUMPAD9 . . . . . . . . . . .	Number	 00000069h   
VK_PAUSE . . . . . . . . . . . .	Number	 00000013h   
VK_PRINT . . . . . . . . . . . .	Number	 0000002Ah   
VK_PRIOR . . . . . . . . . . . .	Number	 00000021h   
VK_RBUTTON . . . . . . . . . . .	Number	 00000002h   
VK_RCONTROL  . . . . . . . . . .	Number	 000000A3h   
VK_RETURN  . . . . . . . . . . .	Number	 0000000Dh   
VK_RIGHT . . . . . . . . . . . .	Number	 00000027h   
VK_RMENU . . . . . . . . . . . .	Number	 000000A5h   
VK_RSHIFT  . . . . . . . . . . .	Number	 000000A1h   
VK_SCROLL  . . . . . . . . . . .	Number	 00000091h   
VK_SEPARATER . . . . . . . . . .	Number	 0000006Ch   
VK_SHIFT . . . . . . . . . . . .	Number	 00000010h   
VK_SNAPSHOT  . . . . . . . . . .	Number	 0000002Ch   
VK_SPACE . . . . . . . . . . . .	Number	 00000020h   
VK_SUBTRACT  . . . . . . . . . .	Number	 0000006Dh   
VK_TAB . . . . . . . . . . . . .	Number	 00000009h   
VK_UP  . . . . . . . . . . . . .	Number	 00000026h   
WINDOW_BUFFER_SIZE_EVENT . . . .	Number	 00000004h   
WriteConsoleOutputCharacter  . .	Text   	 WriteConsoleOutputCharacterA
WriteConsole . . . . . . . . . .	Text   	 WriteConsoleA
avgDispTitle . . . . . . . . . .	Byte	 0000039B _DATA	
avgVal . . . . . . . . . . . . .	DWord	 0000032E _DATA	
black  . . . . . . . . . . . . .	Number	 00000000h   
blue . . . . . . . . . . . . . .	Number	 00000001h   
brown  . . . . . . . . . . . . .	Number	 00000006h   
bye  . . . . . . . . . . . . . .	Byte	 00000332 _DATA	
cyan . . . . . . . . . . . . . .	Number	 00000003h   
exit . . . . . . . . . . . . . .	Text   	 INVOKE ExitProcess,0
gray . . . . . . . . . . . . . .	Number	 00000008h   
green  . . . . . . . . . . . . .	Number	 00000002h   
instrucA . . . . . . . . . . . .	Byte	 0000010E _DATA	
instrucB . . . . . . . . . . . .	Byte	 00000171 _DATA	
instrucC . . . . . . . . . . . .	Byte	 000001C4 _DATA	
instrucD . . . . . . . . . . . .	Byte	 0000020F _DATA	
intDispTitle . . . . . . . . . .	Byte	 00000355 _DATA	
invalFlag  . . . . . . . . . . .	Byte	 000002A2 _DATA	
invalMsg . . . . . . . . . . . .	Byte	 000002A3 _DATA	
joeSFlag . . . . . . . . . . . .	Byte	 000002A1 _DATA	
lightBlue  . . . . . . . . . . .	Number	 00000009h   
lightCyan  . . . . . . . . . . .	Number	 0000000Bh   
lightGray  . . . . . . . . . . .	Number	 00000007h   
lightGreen . . . . . . . . . . .	Number	 0000000Ah   
lightMagenta . . . . . . . . . .	Number	 0000000Dh   
lightRed . . . . . . . . . . . .	Number	 0000000Ch   
magenta  . . . . . . . . . . . .	Number	 00000005h   
one  . . . . . . . . . . . . . .	DWord	 00000351 _DATA	
progName . . . . . . . . . . . .	Byte	 00000000 _DATA	
promptA  . . . . . . . . . . . .	Byte	 00000234 _DATA	
promptB  . . . . . . . . . . . .	Byte	 0000023A _DATA	
promptC  . . . . . . . . . . . .	Byte	 0000024B _DATA	
red  . . . . . . . . . . . . . .	Number	 00000004h   
sumDispTitle . . . . . . . . . .	Byte	 00000374 _DATA	
sumVal . . . . . . . . . . . . .	DWord	 0000032A _DATA	
tempStrCurLen  . . . . . . . . .	DWord	 0000026D _DATA	
tempStrCurPos  . . . . . . . . .	DWord	 00000271 _DATA	
tempStrMaxLen  . . . . . . . . .	DWord	 00000269 _DATA	
tempStr  . . . . . . . . . . . .	Byte	 000003C0 _DATA	
tempVal  . . . . . . . . . . . .	DWord	 0000029D _DATA	
uIntCnt  . . . . . . . . . . . .	DWord	 00000265 _DATA	
valArr . . . . . . . . . . . . .	DWord	 00000275 _DATA	
white  . . . . . . . . . . . . .	Number	 0000000Fh   
wsprintf . . . . . . . . . . . .	Text   	 wsprintfA
yellow . . . . . . . . . . . . .	Number	 0000000Eh   

	   0 Warnings
	   0 Errors
